2023-08-28 20:06:46,193 :INFO :TestHomePage.test_form_submission :Email: your_email@example.com
2023-08-28 20:06:46,305 :INFO :TestHomePage.test_form_submission :Password: your_password_here
2023-08-28 20:06:46,361 :INFO :TestHomePage.test_form_submission :Agreement accepted...
2023-08-28 20:06:46,439 :INFO :TestHomePage.test_form_submission :Name: your_name_here
2023-08-28 20:06:46,514 :INFO :TestHomePage.test_form_submission :Employment status checked...
2023-08-28 20:06:46,574 :INFO :TestHomePage.test_form_submission :Gender: Male
2023-08-28 20:06:46,643 :INFO :TestHomePage.test_form_submission :Submitted...
2023-08-28 20:06:46,947 :INFO :TestHomePage.test_form_submission :Refreshed the page...
2023-08-28 20:06:47,083 :INFO :TestHomePage.test_form_submission :Email: another@example.com
2023-08-28 20:06:47,178 :INFO :TestHomePage.test_form_submission :Password: password_again
2023-08-28 20:06:47,247 :INFO :TestHomePage.test_form_submission :Agreement accepted...
2023-08-28 20:06:47,322 :INFO :TestHomePage.test_form_submission :Name: name_here
2023-08-28 20:06:47,377 :INFO :TestHomePage.test_form_submission :Employment status checked...
2023-08-28 20:06:47,458 :INFO :TestHomePage.test_form_submission :Gender: Female
2023-08-28 20:06:47,511 :INFO :TestHomePage.test_form_submission :Submitted...
2023-08-28 20:06:48,067 :INFO :TestHomePage.test_form_submission :Refreshed the page...
2023-08-30 13:34:36,939 :INFO :TestHomePage.test_form_submission :Email: your_email@example.com
2023-08-30 13:34:37,002 :INFO :TestHomePage.test_form_submission :Password: your_password_here
2023-08-30 13:34:37,063 :INFO :TestHomePage.test_form_submission :Agreement accepted...
2023-08-30 13:34:37,162 :INFO :TestHomePage.test_form_submission :Name: your_name_here
2023-08-30 13:34:37,217 :INFO :TestHomePage.test_form_submission :Employment status checked...
2023-08-30 13:34:37,265 :INFO :TestHomePage.test_form_submission :Gender: Male
2023-08-30 13:34:37,329 :INFO :TestHomePage.test_form_submission :Submitted...
2023-08-30 13:34:37,710 :INFO :TestHomePage.test_form_submission :Refreshed the page...
2023-08-30 13:34:37,812 :INFO :TestHomePage.test_form_submission :Email: another@example.com
2023-08-30 13:34:37,888 :INFO :TestHomePage.test_form_submission :Password: password_again
2023-08-30 13:34:37,941 :INFO :TestHomePage.test_form_submission :Agreement accepted...
2023-08-30 13:34:38,009 :INFO :TestHomePage.test_form_submission :Name: name_here
2023-08-30 13:34:38,058 :INFO :TestHomePage.test_form_submission :Employment status checked...
2023-08-30 13:34:38,121 :INFO :TestHomePage.test_form_submission :Gender: Female
2023-08-30 13:34:38,163 :INFO :TestHomePage.test_form_submission :Submitted...
2023-08-30 13:34:41,541 :INFO :TestHomePage.test_form_submission :Refreshed the page...
2023-08-30 13:36:25,418 :INFO :TestHomePage.test_form_submission :Email: your_email@example.com
2023-08-30 13:36:25,492 :INFO :TestHomePage.test_form_submission :Password: your_password_here
2023-08-30 13:36:25,546 :INFO :TestHomePage.test_form_submission :Agreement accepted...
2023-08-30 13:36:25,607 :INFO :TestHomePage.test_form_submission :Name: your_name_here
2023-08-30 13:36:25,664 :INFO :TestHomePage.test_form_submission :Employment status checked...
2023-08-30 13:36:25,707 :INFO :TestHomePage.test_form_submission :Gender: Male
2023-08-30 13:36:25,764 :INFO :TestHomePage.test_form_submission :Submitted...
2023-08-30 13:36:26,423 :INFO :TestHomePage.test_form_submission :Refreshed the page...
2023-08-30 13:36:26,530 :INFO :TestHomePage.test_form_submission :Email: another@example.com
2023-08-30 13:36:26,596 :INFO :TestHomePage.test_form_submission :Password: password_again
2023-08-30 13:36:26,645 :INFO :TestHomePage.test_form_submission :Agreement accepted...
2023-08-30 13:36:26,721 :INFO :TestHomePage.test_form_submission :Name: name_here
2023-08-30 13:36:26,773 :INFO :TestHomePage.test_form_submission :Employment status checked...
2023-08-30 13:36:26,834 :INFO :TestHomePage.test_form_submission :Gender: Female
2023-08-30 13:36:26,880 :INFO :TestHomePage.test_form_submission :Submitted...
2023-08-30 13:36:27,580 :INFO :TestHomePage.test_form_submission :Refreshed the page...
2023-08-30 13:45:11,048 :INFO :TestHomePage.test_form_submission :Email: your_email@example.com
2023-08-30 13:45:11,132 :INFO :TestHomePage.test_form_submission :Password: your_password_here
2023-08-30 13:45:11,189 :INFO :TestHomePage.test_form_submission :Agreement accepted...
2023-08-30 13:45:11,261 :INFO :TestHomePage.test_form_submission :Name: your_name_here
2023-08-30 13:45:11,322 :INFO :TestHomePage.test_form_submission :Employment status checked...
2023-08-30 13:45:11,374 :INFO :TestHomePage.test_form_submission :Gender: Male
2023-08-30 13:45:11,434 :INFO :TestHomePage.test_form_submission :Submitted...
2023-08-30 13:45:12,020 :INFO :TestHomePage.test_form_submission :Refreshed the page...
2023-08-30 13:45:12,138 :INFO :TestHomePage.test_form_submission :Email: another@example.com
2023-08-30 13:45:12,210 :INFO :TestHomePage.test_form_submission :Password: password_again
2023-08-30 13:45:12,263 :INFO :TestHomePage.test_form_submission :Agreement accepted...
2023-08-30 13:45:12,344 :INFO :TestHomePage.test_form_submission :Name: name_here
2023-08-30 13:45:12,406 :INFO :TestHomePage.test_form_submission :Employment status checked...
2023-08-30 13:45:12,494 :INFO :TestHomePage.test_form_submission :Gender: Female
2023-08-30 13:45:12,552 :INFO :TestHomePage.test_form_submission :Submitted...
2023-08-30 13:45:12,814 :INFO :TestHomePage.test_form_submission :Refreshed the page...
2023-08-30 22:37:03,397 :INFO :TestHomePage.test_form_submission :Email: your_email@example.com
2023-08-30 22:37:03,528 :INFO :TestHomePage.test_form_submission :Password: your_password_here
2023-08-30 22:37:03,602 :INFO :TestHomePage.test_form_submission :Agreement accepted...
2023-08-30 22:37:03,711 :INFO :TestHomePage.test_form_submission :Name: your_name_here
2023-08-30 22:37:03,796 :INFO :TestHomePage.test_form_submission :Employment status checked...
2023-08-30 22:37:03,883 :INFO :TestHomePage.test_form_submission :Gender: Male
2023-08-30 22:37:03,960 :INFO :TestHomePage.test_form_submission :Submitted...
2023-08-30 22:37:04,305 :INFO :TestHomePage.test_form_submission :Refreshed the page...
2023-08-30 22:37:04,440 :INFO :TestHomePage.test_form_submission :Email: another@example.com
2023-08-30 22:37:04,527 :INFO :TestHomePage.test_form_submission :Password: password_again
2023-08-30 22:37:04,599 :INFO :TestHomePage.test_form_submission :Agreement accepted...
2023-08-30 22:37:04,679 :INFO :TestHomePage.test_form_submission :Name: name_here
2023-08-30 22:37:04,736 :INFO :TestHomePage.test_form_submission :Employment status checked...
2023-08-30 22:37:04,822 :INFO :TestHomePage.test_form_submission :Gender: Female
2023-08-30 22:37:04,890 :INFO :TestHomePage.test_form_submission :Submitted...
2023-08-30 22:37:05,490 :INFO :TestHomePage.test_form_submission :Refreshed the page...
